This file contains any messages produced by compilers while
running configure, to aid debugging if configure makes a mistake.

It was created by configure, which was
generated by GNU Autoconf 2.59.  Invocation command line was

  $ ./configure 

## --------- ##
## Platform. ##
## --------- ##

hostname = lab-d303
uname -m = i686
uname -r = 1.7.11(0.260/5/3)
uname -s = CYGWIN_NT-5.1
uname -v = 2012-02-24 14:05

/usr/bin/uname -p = unknown
/bin/uname -X     = unknown

/bin/arch              = i686
/usr/bin/arch -k       = unknown
/usr/convex/getsysinfo = unknown
hostinfo               = unknown
/bin/machine           = unknown
/usr/bin/oslevel       = unknown
/bin/universe          = unknown

PATH: /usr/local/bin
PATH: /usr/bin
PATH: /cygdrive/c/Program Files/Windows Resource Kits/Tools
PATH: /cygdrive/c/Documents and Settings/user1/bin/emacs-23.4-20120324/bin
PATH: /sbin
PATH: /cygdrive/c/Program Files/Java/jdk1.6.0_22/bin
PATH: /cygdrive/c/project/Android/android-sdk/tools
PATH: /cygdrive/c/project/Android/android-sdk/platform-tools
PATH: /cygdrive/c/Program Files/JavaFX/javafx-sdk1.3/bin
PATH: /cygdrive/c/Program Files/AMD APP/bin/x86
PATH: /cygdrive/c/WINDOWS/system32
PATH: /cygdrive/c/WINDOWS
PATH: /cygdrive/c/WINDOWS/System32/Wbem
PATH: /cygdrive/c/Program Files/ATI Technologies/ATI.ACE/Core-Static
PATH: /cygdrive/c/Program Files/TortoiseSVN/bin
PATH: /cygdrive/c/Program Files/MySQL/MySQL Server 5.1/bin
PATH: /cygdrive/c/Program Files/TortoiseGit/bin
PATH: /cygdrive/c/Program Files/QuickTime/QTSystem
PATH: /usr/bin
PATH: /usr/lib/lapack


## ----------- ##
## Core tests. ##
## ----------- ##

configure:1233: checking whether make sets $(MAKE)
configure:1253: result: yes
configure:1300: checking for a BSD-compatible install
configure:1355: result: /usr/bin/install -c
configure:1368: checking for makeinfo
configure:1384: found /usr/bin/makeinfo
configure:1395: result: makeinfo
configure:1404: checking for texi2dvi
configure:1420: found /usr/bin/texi2dvi
configure:1431: result: texi2dvi
configure:1440: checking for ptex
configure:1456: found /usr/bin/ptex
configure:1467: result: ptex
configure:1476: checking for jbibtex
configure:1503: result: false
configure:1514: checking for egrep
configure:1530: found /usr/bin/egrep
configure:1540: result: egrep
configure:1740: checking for emacs
configure:1758: found /cygdrive/c/Documents and Settings/user1/bin/emacs-23.4-20120324/bin/emacs
configure:1770: result: /cygdrive/c/Documents and Settings/user1/bin/emacs-23.4-20120324/bin/emacs
configure:1790: checking what a flavor does /cygdrive/c/Documents and Settings/user1/bin/emacs-23.4-20120324/bin/emacs have
/cygdrive/c/Documents and Settings/user1/bin/emacs-23.4-20120324/bin/emacs -q -no-site-file -batch -eval '(let ((x (cond ((featurep (quote xemacs)) "XEmacs")          ((and (boundp (quote emacs-major-version))                (>= emacs-major-version 21))           (format "Emacs %d" emacs-major-version))          ((boundp (quote MULE)) "MULE")          (t "Emacs")))) (write-region (if (stringp x) (princ x) (prin1-to-string x)) nil "./conftest-908" nil 5))'
./configure: line 1809: /cygdrive/c/Documents: No such file or directory
=> 
configure:1833: result: 
configure:1842: checking prefix for /cygdrive/c/Documents and Settings/user1/bin/emacs-23.4-20120324/bin/emacs
/cygdrive/c/Documents and Settings/user1/bin/emacs-23.4-20120324/bin/emacs -q -no-site-file -batch -eval '(let ((x (expand-file-name ".." invocation-directory))) (write-region (if (stringp x) (princ x) (prin1-to-string x)) nil "./conftest-908" nil 5))'
./configure: line 1856: /cygdrive/c/Documents: No such file or directory
=> 
configure:1871: result: 
configure:1880: checking where lisp files should go
configure:1902: result: $(datadir)/emacs/site-lisp/w3m/
configure:2129: error: Process couldn't proceed.  See the above messages.

## ---------------- ##
## Cache variables. ##
## ---------------- ##

EMACS_cv_SYS_flavor=
EMACS_cv_SYS_prefix=
ac_cv_env_build_alias_set=
ac_cv_env_build_alias_value=
ac_cv_env_host_alias_set=
ac_cv_env_host_alias_value=
ac_cv_env_target_alias_set=
ac_cv_env_target_alias_value=
ac_cv_path_EMACS='/cygdrive/c/Documents and Settings/user1/bin/emacs-23.4-20120324/bin/emacs'
ac_cv_path_install='/usr/bin/install -c'
ac_cv_prog_EGREP=egrep
ac_cv_prog_JBIBTEX=false
ac_cv_prog_MAKEINFO=makeinfo
ac_cv_prog_PTEX=ptex
ac_cv_prog_TEXI2DVI=texi2dvi
ac_cv_prog_make_make_set=yes

## ----------------- ##
## Output variables. ##
## ----------------- ##

ADDITIONAL_LOAD_PATH='NONE'
DEFS=''
ECHO_C=''
ECHO_N='-n'
ECHO_T=''
EGREP='egrep'
EMACS='/cygdrive/c/Documents and Settings/user1/bin/emacs-23.4-20120324/bin/emacs'
ICONDIR='NONE'
INSTALL_DATA='${INSTALL} -m 644'
INSTALL_PROGRAM='${INSTALL}'
INSTALL_SCRIPT='${INSTALL}'
JBIBTEX='false'
LIBOBJS=''
LIBS=''
LTLIBOBJS=''
MAKEINFO='makeinfo'
PACKAGEDIR='NONE'
PACKAGE_BUGREPORT=''
PACKAGE_NAME=''
PACKAGE_STRING=''
PACKAGE_TARNAME=''
PACKAGE_VERSION=''
PATH_SEPARATOR=':'
PTEX='ptex'
SET_MAKE=''
SHELL='/bin/sh'
TEXI2DVI='texi2dvi'
VANILLA_FLAG='-q -no-site-file'
bindir='${exec_prefix}/bin'
build_alias=''
datadir='${prefix}/share'
exec_prefix='NONE'
host_alias=''
includedir='${prefix}/include'
infodir='${prefix}/info'
libdir='${exec_prefix}/lib'
libexecdir='${exec_prefix}/libexec'
lispdir='$(datadir)/emacs/site-lisp/w3m'
localstatedir='${prefix}/var'
mandir='${prefix}/man'
oldincludedir='/usr/include'
prefix=''
program_transform_name='s,x,x,'
sbindir='${exec_prefix}/sbin'
sharedstatedir='${prefix}/com'
sysconfdir='${prefix}/etc'
target_alias=''

## ----------- ##
## confdefs.h. ##
## ----------- ##

#define PACKAGE_BUGREPORT ""
#define PACKAGE_NAME ""
#define PACKAGE_STRING ""
#define PACKAGE_TARNAME ""
#define PACKAGE_VERSION ""

configure: exit 1
